<?xml version="1.0" encoding="UTF-8"?>
<!-- Generated by org.testng.reporters.JUnitXMLReporter -->
<testsuite hostname="L9AGL57" ignored="0" name="Default test" tests="3" failures="0" timestamp="08 May 2019 08:54:38 GMT" time="84.763" errors="0">
  <testcase name="loginPageTitleTest" time="0.152" classname="com.crm.qa.testcases.LoginPageTest"/>
  <testcase name="crmLogoImageTest" time="0.511" classname="com.crm.qa.testcases.LoginPageTest"/>
  <testcase name="loginTest" time="1.141" classname="com.crm.qa.testcases.LoginPageTest"/>
</testsuite> <!-- Default test -->
